<?xml version="1.0" encoding="UTF-8"?>
<testsuite name="com.howmuch.guess.GuessApplicationTests" tests="1" skipped="0" failures="0" errors="0" timestamp="2026-04-25T05:52:07.164Z" hostname="404" time="3.59">
  <properties/>
  <testcase name="contextLoads()" classname="com.howmuch.guess.GuessApplicationTests" time="0.989"/>
  <system-out><![CDATA[14:52:07.365 [Test worker] INFO org.springframework.test.context.support.AnnotationConfigContextLoaderUtils -- Could not detect default configuration classes for test class [com.howmuch.guess.GuessApplicationTests]: GuessApplicationTests does not declare any static, non-private, non-final, nested classes annotated with @Configuration.
14:52:07.454 [Test worker] INFO org.springframework.boot.test.context.SpringBootTestContextBootstrapper -- Found @SpringBootConfiguration com.howmuch.guess.GuessApplication for test class com.howmuch.guess.GuessApplicationTests
14:52:07.526 [Test worker] INFO org.springframework.test.context.support.AnnotationConfigContextLoaderUtils -- Could not detect default configuration classes for test class [com.howmuch.guess.GuessApplicationTests]: GuessApplicationTests does not declare any static, non-private, non-final, nested classes annotated with @Configuration.
14:52:07.527 [Test worker] INFO org.springframework.boot.test.context.SpringBootTestContextBootstrapper -- Found @SpringBootConfiguration com.howmuch.guess.GuessApplication for test class com.howmuch.guess.GuessApplicationTests

  .   ____          _            __ _ _
 /\\ / ___'_ __ _ _(_)_ __  __ _ \ \ \ \
( ( )\___ | '_ | '_| | '_ \/ _` | \ \ \ \
 \\/  ___)| |_)| | | | | || (_| |  ) ) ) )
  '  |____| .__|_| |_|_| |_\__, | / / / /
 =========|_|==============|___/=/_/_/_/

 :: Spring Boot ::                (v4.0.6)

2026-04-25T14:52:07.875+09:00  INFO 9622 --- [guess] [    Test worker] c.howmuch.guess.GuessApplicationTests    : Starting GuessApplicationTests using Java 21.0.10 with PID 9622 (started by 404 in /Users/404/Desktop/-Happy-/prj/howMuchAI)
2026-04-25T14:52:07.878+09:00  INFO 9622 --- [guess] [    Test worker] c.howmuch.guess.GuessApplicationTests    : No active profile set, falling back to 1 default profile: "default"
2026-04-25T14:52:09.118+09:00  INFO 9622 --- [guess] [    Test worker] o.s.b.w.a.WelcomePageHandlerMapping      : Adding welcome page template: index
2026-04-25T14:52:09.749+09:00  INFO 9622 --- [guess] [    Test worker] c.howmuch.guess.GuessApplicationTests    : Started GuessApplicationTests in 2.103 seconds (process running for 3.896)
2026-04-25T14:52:09.752+09:00  INFO 9622 --- [guess] [    Test worker] c.howmuch.guess.config.StartupUrlLogger  : Web: http://127.0.0.1:8080/
]]></system-out>
  <system-err><![CDATA[Mockito is currently self-attaching to enable the inline-mock-maker. This will no longer work in future releases of the JDK. Please add Mockito as an agent to your build as described in Mockito's documentation: https://javadoc.io/doc/org.mockito/mockito-core/latest/org.mockito/org/mockito/Mockito.html#0.3
WARNING: A Java agent has been loaded dynamically (/private/var/folders/f4/hghbhwkn6yjgk_y5sdl0rxlm0000gn/T/cursor-sandbox-cache/09978f7a09778d6adbe2862667ee432a/gradle/caches/modules-2/files-2.1/net.bytebuddy/byte-buddy-agent/1.17.8/f09415827a71be7ed621c7bd02550678f28bc81c/byte-buddy-agent-1.17.8.jar)
WARNING: If a serviceability tool is in use, please run with -XX:+EnableDynamicAgentLoading to hide this warning
WARNING: If a serviceability tool is not in use, please run with -Djdk.instrument.traceUsage for more information
WARNING: Dynamic loading of agents will be disallowed by default in a future release
]]></system-err>
</testsuite>
